[2025-06-17 20:37:51] optimize void cycle
[2025-06-17 20:37:51] dark override initialized
[2025-06-17 20:38:20] enhance crypt.sh
[2025-06-17 20:38:20] enhance crypt.sh
[2025-06-17 20:38:20] optimize void cycle
[2025-06-17 20:38:47] optimize void cycle
[2025-06-17 20:38:47] commit to darkness
[2025-06-17 20:39:13] add shadow notes
[2025-06-17 20:39:13] add shadow notes
[2025-06-17 20:39:14] adjust alpha ops
[2025-06-17 20:39:41] refactor daemon
[2025-06-17 20:39:41] adjust alpha ops
[2025-06-17 20:39:41] enhance crypt.sh
[2025-06-17 20:40:07] dark override initialized
[2025-06-17 20:40:07] remove weak patch
[2025-06-17 20:40:08] optimize void cycle
[2025-06-17 20:40:35] remove weak patch
[2025-06-17 20:40:36] remove weak patch
[2025-06-17 20:40:36] add shadow notes
[2025-06-17 20:41:04] remove weak patch
[2025-06-17 20:41:04] remove weak patch
[2025-06-17 20:41:04] adjust alpha ops
[2025-06-17 20:41:31] remove weak patch
[2025-06-17 20:41:31] add shadow notes
[2025-06-17 20:41:32] remove weak patch
